<?xml version="1.0" encoding="UTF-8"?>
<!-- Generated by org.testng.reporters.JUnitXMLReporter -->
<testsuite ignored="0" hostname="LAPTOP-TUN1U03P" failures="2" tests="4" name="Test" time="0.119" errors="0" timestamp="27 Sep 2021 20:39:40 GMT">
  <testcase classname="testcases.TestCase1" name="doLogin" time="0.047"/>
  <testcase classname="testcases.TestCase1" name="doUserReg" time="0.003">
    <failure type="java.lang.AssertionError" message="Test Case failed">
      <![CDATA[java.lang.AssertionError: Test Case failed
at testcases.TestCase1.doUserReg(TestCase1.java:40)
... Removed 26 stack frames]]>
    </failure>
  </testcase> <!-- doUserReg -->
  <testcase classname="testcases.TestCase1" name="doUserReg2" time="0.003">
    <failure type="java.lang.AssertionError" message="Test Case failed">
      <![CDATA[java.lang.AssertionError: Test Case failed
at testcases.TestCase1.doUserReg2(TestCase1.java:60)
... Removed 26 stack frames]]>
    </failure>
  </testcase> <!-- doUserReg2 -->
  <testcase classname="testcases.TestCase1" name="isSkip" time="0.002">
    <skipped/>
  </testcase> <!-- isSkip -->
</testsuite> <!-- Test -->
